# JRE version: OpenJDK Runtime Environment Corretto-11.0.18.10.1 (11.0.18+10) (build 11.0.18+10-LTS)
# Java VM: OpenJDK 64-Bit Server VM Corretto-11.0.18.10.1 (11.0.18+10-LTS, mixed mode, tiered, compressed oops, g1 gc, windows-amd64)
Heap:
 garbage-first heap   total 262144K, used 136704K [0x00000000e0000000, 0x0000000100000000)
  region size 1024K, 81 young (82944K), 5 survivors (5120K)
 Metaspace       used 76567K, capacity 79468K, committed 79952K, reserved 323584K
  class space    used 9758K, capacity 10797K, committed 10956K, reserved 253952K
GC Heap History (20 events):
Event: 2.001 GC heap before
{Heap before GC invocations=2 (full 0):
 garbage-first heap   total 262144K, used 37019K [0x00000000e0000000, 0x0000000100000000)
  region size 1024K, 28 young (28672K), 2 survivors (2048K)
 Metaspace       used 11230K, capacity 11507K, committed 11776K, reserved 266240K
  class space    used 1146K, capacity 1242K, committed 1280K, reserved 253952K
}
Event: 2.005 GC heap after
{Heap after GC invocations=3 (full 0):
 garbage-first heap   total 262144K, used 11225K [0x00000000e0000000, 0x0000000100000000)
  region size 1024K, 4 young (4096K), 4 survivors (4096K)
 Metaspace       used 11230K, capacity 11507K, committed 11776K, reserved 266240K
  class space    used 1146K, capacity 1242K, committed 1280K, reserved 253952K
}
Event: 3.782 GC heap before
{Heap before GC invocations=3 (full 0):
 garbage-first heap   total 262144K, used 51161K [0x00000000e0000000, 0x0000000100000000)
  region size 1024K, 43 young (44032K), 4 survivors (4096K)
 Metaspace       used 17617K, capacity 18036K, committed 18304K, reserved 270336K
  class space    used 2037K, capacity 2145K, committed 2176K, reserved 253952K
}
Event: 3.791 GC heap after
{Heap after GC invocations=4 (full 0):
 garbage-first heap   total 262144K, used 16175K [0x00000000e0000000, 0x0000000100000000)
  region size 1024K, 6 young (6144K), 6 survivors (6144K)
 Metaspace       used 17617K, capacity 18036K, committed 18304K, reserved 270336K
  class space    used 2037K, capacity 2145K, committed 2176K, reserved 253952K
}
Event: 4.213 GC heap before
{Heap before GC invocations=4 (full 0):
 garbage-first heap   total 262144K, used 44847K [0x00000000e0000000, 0x0000000100000000)
  region size 1024K, 35 young (35840K), 6 survivors (6144K)
 Metaspace       used 20759K, capacity 21150K, committed 21296K, reserved 274432K
  class space    used 2513K, capacity 2651K, committed 2688K, reserved 253952K
}
Event: 4.223 GC heap after
{Heap after GC invocations=5 (full 0):
 garbage-first heap   total 262144K, used 17345K [0x00000000e0000000, 0x0000000100000000)
  region size 1024K, 2 young (2048K), 2 survivors (2048K)
 Metaspace       used 20759K, capacity 21150K, committed 21296K, reserved 274432K
  class space    used 2513K, capacity 2651K, committed 2688K, reserved 253952K
}
Event: 5.216 GC heap before
{Heap before GC invocations=6 (full 0):
 garbage-first heap   total 262144K, used 74689K [0x00000000e0000000, 0x0000000100000000)
  region size 1024K, 58 young (59392K), 2 survivors (2048K)
 Metaspace       used 26911K, capacity 27548K, committed 27772K, reserved 278528K
  class space    used 3486K, capacity 3734K, committed 3788K, reserved 253952K
}
Event: 5.225 GC heap after
{Heap after GC invocations=7 (full 0):
 garbage-first heap   total 262144K, used 19263K [0x00000000e0000000, 0x0000000100000000)
  region size 1024K, 3 young (3072K), 3 survivors (3072K)
 Metaspace       used 26911K, capacity 27548K, committed 27772K, reserved 278528K
  class space    used 3486K, capacity 3734K, committed 3788K, reserved 253952K
}
Event: 6.949 GC heap before
{Heap before GC invocations=7 (full 0):
 garbage-first heap   total 262144K, used 88895K [0x00000000e0000000, 0x0000000100000000)
  region size 1024K, 72 young (73728K), 3 survivors (3072K)
 Metaspace       used 35089K, capacity 35944K, committed 36048K, reserved 286720K
  class space    used 4559K, capacity 4919K, committed 4940K, reserved 253952K
}
Event: 6.961 GC heap after
{Heap after GC invocations=8 (full 0):
 garbage-first heap   total 262144K, used 22589K [0x00000000e0000000, 0x0000000100000000)
  region size 1024K, 7 young (7168K), 7 survivors (7168K)
 Metaspace       used 35089K, capacity 35944K, committed 36048K, reserved 286720K
  class space    used 4559K, capacity 4919K, committed 4940K, reserved 253952K
}
Event: 8.907 GC heap before
{Heap before GC invocations=9 (full 0):
 garbage-first heap   total 262144K, used 129085K [0x00000000e0000000, 0x0000000100000000)
  region size 1024K, 108 young (110592K), 7 survivors (7168K)
 Metaspace       used 45374K, capacity 46445K, committed 46544K, reserved 294912K
  class space    used 5758K, capacity 6145K, committed 6220K, reserved 253952K
}
Event: 8.947 GC heap after
{Heap after GC invocations=10 (full 0):
 garbage-first heap   total 262144K, used 29471K [0x00000000e0000000, 0x0000000100000000)
  region size 1024K, 13 young (13312K), 13 survivors (13312K)
 Metaspace       used 45374K, capacity 46445K, committed 46544K, reserved 294912K
  class space    used 5758K, capacity 6145K, committed 6220K, reserved 253952K
}
Event: 11.539 GC heap before
{Heap before GC invocations=11 (full 0):
 garbage-first heap   total 262144K, used 172831K [0x00000000e0000000, 0x0000000100000000)
  region size 1024K, 153 young (156672K), 13 survivors (13312K)
 Metaspace       used 54970K, capacity 56679K, committed 56912K, reserved 303104K
  class space    used 7201K, capacity 7848K, committed 7884K, reserved 253952K
}
Event: 11.572 GC heap after
{Heap after GC invocations=12 (full 0):
 garbage-first heap   total 262144K, used 37963K [0x00000000e0000000, 0x0000000100000000)
  region size 1024K, 19 young (19456K), 19 survivors (19456K)
 Metaspace       used 54970K, capacity 56679K, committed 56912K, reserved 303104K
  class space    used 7201K, capacity 7848K, committed 7884K, reserved 253952K
}
Event: 15.469 GC heap before
{Heap before GC invocations=12 (full 0):
 garbage-first heap   total 262144K, used 174155K [0x00000000e0000000, 0x0000000100000000)
  region size 1024K, 153 young (156672K), 19 survivors (19456K)
 Metaspace       used 67141K, capacity 69458K, committed 69584K, reserved 315392K
  class space    used 8797K, capacity 9682K, committed 9804K, reserved 253952K
}
Event: 15.546 GC heap after
{Heap after GC invocations=13 (full 0):
 garbage-first heap   total 262144K, used 53551K [0x00000000e0000000, 0x0000000100000000)
  region size 1024K, 20 young (20480K), 20 survivors (20480K)
 Metaspace       used 67141K, capacity 69458K, committed 69584K, reserved 315392K
  class space    used 8797K, capacity 9682K, committed 9804K, reserved 253952K
}
Event: 230.224 GC heap before
{Heap before GC invocations=13 (full 0):
 garbage-first heap   total 262144K, used 188719K [0x00000000e0000000, 0x0000000100000000)
  region size 1024K, 153 young (156672K), 20 survivors (20480K)
 Metaspace       used 72817K, capacity 75652K, committed 75984K, reserved 319488K
  class space    used 9456K, capacity 10477K, committed 10572K, reserved 253952K
}
Event: 230.479 GC heap after
{Heap after GC invocations=14 (full 0):
 garbage-first heap   total 262144K, used 60416K [0x00000000e0000000, 0x0000000100000000)
  region size 1024K, 11 young (11264K), 11 survivors (11264K)
 Metaspace       used 72817K, capacity 75652K, committed 75984K, reserved 319488K
  class space    used 9456K, capacity 10477K, committed 10572K, reserved 253952K
}
Event: 1063.815 GC heap before
{Heap before GC invocations=14 (full 0):
 garbage-first heap   total 262144K, used 154624K [0x00000000e0000000, 0x0000000100000000)
  region size 1024K, 105 young (107520K), 11 survivors (11264K)
 Metaspace       used 75016K, capacity 77817K, committed 77904K, reserved 321536K
  class space    used 9638K, capacity 10672K, committed 10700K, reserved 253952K
}
Event: 1063.971 GC heap after
{Heap after GC invocations=15 (full 0):
 garbage-first heap   total 262144K, used 60928K [0x00000000e0000000, 0x0000000100000000)
  region size 1024K, 5 young (5120K), 5 survivors (5120K)
 Metaspace       used 75016K, capacity 77817K, committed 77904K, reserved 321536K
  class space    used 9638K, capacity 10672K, committed 10700K, reserved 253952K
}

